<?xml version="1.0" encoding="UTF-8"?>
<testsuite name="Academy Choucair" tests="1" skipped="1" failures="0" errors="0" timestamp="2021-08-05T23:11:10" hostname="DESKTOP-D8IB7CH" time="24.211">
  <properties/>
  <testcase name="Search for automation course" classname="Academy Choucair" time="24.211">
    <skipped/>
  </testcase>
  <system-out><![CDATA[]]></system-out>
  <system-err><![CDATA[[Test worker] WARN net.thucydides.core.steps.BaseStepListener - stepStarted: net.thucydides.core.steps.ExecutedStepDescription@58772072
[Test worker] WARN net.thucydides.core.steps.BaseStepListener - stepStarted: net.thucydides.core.steps.ExecutedStepDescription@cb7a514
[Test worker] WARN net.thucydides.core.steps.BaseStepListener - stepStarted: net.thucydides.core.steps.ExecutedStepDescription@6adc0319
ago 05, 2021 6:11:11 PM org.openqa.selenium.remote.DesiredCapabilities chrome
INFORMACIÓN: Using `new ChromeOptions()` is preferred to `DesiredCapabilities.chrome()`
[Test worker] INFO net.serenitybdd.core.webdriver.driverproviders.ProvideNewDriver - Instantiating driver
[Test worker] INFO net.serenitybdd.core.webdriver.driverproviders.ProvideNewDriver - Driver capabilities: Capabilities {acceptInsecureCerts: false, browserName: chrome, chrome.switches: --start-maximized, goog:chromeOptions: {args: [--start-maximized], extensions: []}, loggingPrefs: org.openqa.selenium.logging..., platform: ANY, version: }
Starting ChromeDriver 92.0.4515.107 (87a818b10553a07434ea9e2b6dccf3cbe7895134-refs/branch-heads/4515@{#1634}) on port 42483
Only local connections are allowed.
Please see https://chromedriver.chromium.org/security-considerations for suggestions on keeping ChromeDriver safe.
ChromeDriver was started successfully.
ago 05, 2021 6:11:15 PM org.openqa.selenium.remote.ProtocolHandshake createSession
INFORMACIÓN: Detected dialect: W3C
[Test worker] WARN net.thucydides.core.steps.BaseStepListener - stepFinished: current outcome:Search for automation course:Given than brandon wants to learn automation at academy choucair
| strUser | strPassword |
| 2728573 | Choucair2021* | [Brandon open up [brandon opens the Choucair academy page]]
[Test worker] WARN net.thucydides.core.steps.BaseStepListener - stepFinished: current outcome:Search for automation course:Given than brandon wants to learn automation at academy choucair
| strUser | strPassword |
| 2728573 | Choucair2021* | [Brandon open up [brandon opens the Choucair academy page]]
[Test worker] WARN net.thucydides.core.steps.BaseStepListener - stepStarted: net.thucydides.core.steps.ExecutedStepDescription@73e56b0b
[Test worker] WARN net.thucydides.core.steps.BaseStepListener - stepStarted: net.thucydides.core.steps.ExecutedStepDescription@3dec2909
[Test worker] WARN net.thucydides.core.steps.BaseStepListener - stepFinished: current outcome:Search for automation course:Given than brandon wants to learn automation at academy choucair
| strUser | strPassword |
| 2728573 | Choucair2021* | [Brandon open up [brandon opens the Choucair academy page], Brandon login [brandon clicks on button that shows us the form to login]]
[Test worker] WARN net.thucydides.core.steps.BaseStepListener - stepStarted: net.thucydides.core.steps.ExecutedStepDescription@627c2e62
[Test worker] WARN net.thucydides.core.steps.BaseStepListener - stepFinished: current outcome:Search for automation course:Given than brandon wants to learn automation at academy choucair
| strUser | strPassword |
| 2728573 | Choucair2021* | [Brandon open up [brandon opens the Choucair academy page], Brandon login [brandon clicks on button that shows us the form to login, brandon enters '2728573' into where do write the user]]
[Test worker] WARN net.thucydides.core.steps.BaseStepListener - stepStarted: net.thucydides.core.steps.ExecutedStepDescription@44e8ee2d
[Test worker] WARN net.thucydides.core.steps.BaseStepListener - stepFinished: current outcome:Search for automation course:Given than brandon wants to learn automation at academy choucair
| strUser | strPassword |
| 2728573 | Choucair2021* | [Brandon open up [brandon opens the Choucair academy page], Brandon login [brandon clicks on button that shows us the form to login, brandon enters '2728573' into where do write the user, brandon enters 'Choucair2021*' into where do write the password]]
[Test worker] WARN net.thucydides.core.steps.BaseStepListener - stepStarted: net.thucydides.core.steps.ExecutedStepDescription@59c24e7e
[Test worker] WARN net.thucydides.core.steps.BaseStepListener - stepFinished: current outcome:Search for automation course:Given than brandon wants to learn automation at academy choucair
| strUser | strPassword |
| 2728573 | Choucair2021* | [Brandon open up [brandon opens the Choucair academy page], Brandon login [brandon clicks on button that shows us the form to login, brandon enters '2728573' into where do write the user, brandon enters 'Choucair2021*' into where do write the password, brandon clicks on button to confirm login]]
[Test worker] WARN net.thucydides.core.steps.BaseStepListener - stepFinished: current outcome:Search for automation course:Given than brandon wants to learn automation at academy choucair
| strUser | strPassword |
| 2728573 | Choucair2021* | [Brandon open up [brandon opens the Choucair academy page], Brandon login [brandon clicks on button that shows us the form to login, brandon enters '2728573' into where do write the user, brandon enters 'Choucair2021*' into where do write the password, brandon clicks on button to confirm login]]
[Test worker] WARN net.thucydides.core.steps.BaseStepListener - stepFinished: current outcome:Search for automation course:Given than brandon wants to learn automation at academy choucair
| strUser | strPassword |
| 2728573 | Choucair2021* | [Brandon open up [brandon opens the Choucair academy page], Brandon login [brandon clicks on button that shows us the form to login, brandon enters '2728573' into where do write the user, brandon enters 'Choucair2021*' into where do write the password, brandon clicks on button to confirm login]]
[Test worker] WARN net.thucydides.core.steps.BaseStepListener - stepStarted: net.thucydides.core.steps.ExecutedStepDescription@24032923
[Test worker] INFO net.thucydides.core.steps.ConsoleLoggingListener - TEST PENDING
[Test worker] WARN net.thucydides.core.steps.BaseStepListener - stepStarted: net.thucydides.core.steps.ExecutedStepDescription@651ed5ae
[Test worker] WARN net.thucydides.core.steps.BaseStepListener - testFinished: Search for automation course:Given than brandon wants to learn automation at academy choucair
| strUser | strPassword |
| 2728573 | Choucair2021* | [Brandon open up [brandon opens the Choucair academy page], Brandon login [brandon clicks on button that shows us the form to login, brandon enters '2728573' into where do write the user, brandon enters 'Choucair2021*' into where do write the password, brandon clicks on button to confirm login]], When he sear for the course on the choucair academy platform
| strCourse |
| Pruebas AFT Accounting and Financial Testing |, Then he finds the course called resources
| strCourse |
| Pruebas AFT Accounting and Financial Testing |
[Test worker] WARN net.thucydides.core.steps.BaseStepListener - TestOutcomes: [Search for automation course:Given than brandon wants to learn automation at academy choucair
| strUser | strPassword |
| 2728573 | Choucair2021* | [Brandon open up [brandon opens the Choucair academy page], Brandon login [brandon clicks on button that shows us the form to login, brandon enters '2728573' into where do write the user, brandon enters 'Choucair2021*' into where do write the password, brandon clicks on button to confirm login]], When he sear for the course on the choucair academy platform
| strCourse |
| Pruebas AFT Accounting and Financial Testing |, Then he finds the course called resources
| strCourse |
| Pruebas AFT Accounting and Financial Testing |]
[Test worker] WARN net.thucydides.core.steps.BaseStepListener - Final testOutcomes: [Search for automation course:Given than brandon wants to learn automation at academy choucair
| strUser | strPassword |
| 2728573 | Choucair2021* | [Brandon open up [brandon opens the Choucair academy page], Brandon login [brandon clicks on button that shows us the form to login, brandon enters '2728573' into where do write the user, brandon enters 'Choucair2021*' into where do write the password, brandon clicks on button to confirm login]], When he sear for the course on the choucair academy platform
| strCourse |
| Pruebas AFT Accounting and Financial Testing |, Then he finds the course called resources
| strCourse |
| Pruebas AFT Accounting and Financial Testing |]
[Test worker] INFO net.thucydides.core.steps.ConsoleLoggingListener - 
          __  _____ _____ ____ _____   ____  _____ _   _ ____ ___ _   _  ____ 
 _       / / |_   _| ____/ ___|_   _| |  _ \| ____| \ | |  _ \_ _| \ | |/ ___|
(_)____ / /    | | |  _| \___ \ | |   | |_) |  _| |  \| | | | | ||  \| | |  _ 
 |_____/ /     | | | |___ ___) || |   |  __/| |___| |\  | |_| | || |\  | |_| |
(_)   /_/      |_| |_____|____/ |_|   |_|   |_____|_| \_|____/___|_| \_|\____|
                                                                                

TEST PENDING: Search for automation course
---------------------------------------------------------------------------------
]]></system-err>
</testsuite>
